<?xml version="1.0" encoding="UTF-8"?>
<testsuite xmlns:xsi="http://www.w3.org/2001/XMLSchema-instance" xsi:noNamespaceSchemaLocation="https://maven.apache.org/surefire/maven-surefire-plugin/xsd/surefire-test-report-3.0.xsd" version="3.0" name="com.vvnazmartialarts.martialartsweb.MartialArtsWebApplicationTests" time="3.76" tests="1" errors="0" skipped="0" failures="0">
  <properties>
[...]
</properties>
  <testcase name="contextLoads" classname="com.vvnazmartialarts.martialartsweb.MartialArtsWebApplicationTests" time="1.177">
    <system-out><![CDATA[16:11:31.701 [main] INFO org.springframework.test.context.support.AnnotationConfigContextLoaderUtils -- Could not detect default configuration classes for test class [com.vvnazmartialarts.martialartsweb.MartialArtsWebApplicationTests]: MartialArtsWebApplicationTests does not declare any static, non-private, non-final, nested classes annotated with @Configuration.
16:11:31.837 [main] INFO org.springframework.boot.test.context.SpringBootTestContextBootstrapper -- Found @SpringBootConfiguration com.vvnazmartialarts.martialartsweb.MartialArtsWebApplication for test class com.vvnazmartialarts.martialartsweb.MartialArtsWebApplicationTests

  .   ____          _            __ _ _
 /\\ / ___'_ __ _ _(_)_ __  __ _ \ \ \ \
( ( )\___ | '_ | '_| | '_ \/ _` | \ \ \ \
 \\/  ___)| |_)| | | | | || (_| |  ) ) ) )
  '  |____| .__|_| |_|_| |_\__, | / / / /
 =========|_|==============|___/=/_/_/_/
 :: Spring Boot ::                (v3.1.3)

2025-01-09T16:11:32.445-08:00  INFO 27380 --- [           main] c.v.m.MartialArtsWebApplicationTests     : Starting MartialArtsWebApplicationTests using Java 17.0.8 with PID 27380 (started by tamar in C:\Users\tamar\martial-arts-web)
2025-01-09T16:11:32.447-08:00  INFO 27380 --- [           main] c.v.m.MartialArtsWebApplicationTests     : No active profile set, falling back to 1 default profile: "default"
2025-01-09T16:11:33.818-08:00  INFO 27380 --- [           main] o.s.b.a.w.s.WelcomePageHandlerMapping    : Adding welcome page template: index
2025-01-09T16:11:34.038-08:00  INFO 27380 --- [           main] c.v.m.MartialArtsWebApplicationTests     : Started MartialArtsWebApplicationTests in 1.997 seconds (process running for 3.181)
]]></system-out>
  </testcase>
</testsuite>